
xv6 kernel is booting

hart 2 starting
hart 1 starting
init: starting sh
$ pingpong 10 & ; pingpong 10 & ; pingpong 20 ; echo DONE
Ping
Pi n g 
            PP i n g 
 Ponogn g 
 
 P i n g 
   PPi no n g 
 g P i n 
Pgo
ng 
  P  i n g 
                  P o n g 
PPoPionngg

ngP
inP i g n g 
  
        P o n g 
   P i n g 
    P   o n g 
 PP oinn g 
g
P Poin gn
g
 P i  n g       
     P o n g 
P Poi n n g g 
 
P  Poin g 
  nPgi
ng  
      Po   n g     
P o Pn g i n g 

P  Po n i g 
 n  gP
i nP o n gg

 Pi   n g 
       P o n g 
  P i n g 
  P   o n   gP
on P i n gg
 
P o n g  
P i n g 
 P oPn i n g 
 g        P
o nPgi
  Pn g 
in  P o gn
g
  P  i n      P o n g 
  gP
iPnogn
  g
   P   i   n g    P 
 o  n g 
Po Pnign
g
              P o n g
Pong
Ping
          Pong
Ping
          Pong
Ping
          Pong
Ping
          Pong
Ping
          Pong
Ping
          Pong
Ping
          Pong
Ping
          Pong
Ping
          Pong
DONE
$ qemu-system-riscv64: terminating on signal 15 from pid 126390 (make)
